<?xml version="1.0" encoding="UTF-8"?>
<!-- Generated by org.testng.reporters.JUnitReportReporter -->
<testsuite skipped="0" hostname="MITTAL-PC" name="automationframework.MultiGrouping" tests="5" failures="0" timestamp="19 Jul 2018 06:36:11 GMT" time="0.043" errors="0">
  <testcase name="Scooter2" time="0.004" classname="automationframework.MultiGrouping"/>
  <testcase name="Car2" time="0.005" classname="automationframework.MultiGrouping"/>
  <testcase name="Car1" time="0.026" classname="automationframework.MultiGrouping"/>
  <testcase name="Scooter1" time="0.002" classname="automationframework.MultiGrouping"/>
  <testcase name="Sedan1" time="0.006" classname="automationframework.MultiGrouping"/>
</testsuite> <!-- automationframework.MultiGrouping -->
